Android/TableLayoutTest/app/build/outputs/logs/manifest-merger-debug-report.txt
-- Merging decision tree log ---
manifest
ADDED from src\main\AndroidManifest.xml:2:1-21:12
	xmlns:android
		ADDED from src\main\AndroidManifest.xml:2:11-69
	package
		ADDED from src\main\AndroidManifest.xml:3:2-26
		INJECTED from src\main\AndroidManifest.xml
		INJECTED from src\main\AndroidManifest.xml
	android:versionName
		ADDED from src\main\AndroidManifest.xml:5:2-27
		INJECTED from src\main\AndroidManifest.xml
		INJECTED from src\main\AndroidManifest.xml
	android:versionCode
		ADDED from src\main\AndroidManifest.xml:4:2-25
		INJECTED from src\main\AndroidManifest.xml
		INJECTED from src\main\AndroidManifest.xml
uses-sdk
ADDED from src\main\AndroidManifest.xml:6:2-8:35
	android:targetSdkVersion
		ADDED from src\main\AndroidManifest.xml:8:3-32
		INJECTED from src\main\AndroidManifest.xml
		INJECTED from src\main\AndroidManifest.xml
	android:minSdkVersion
		ADDED from src\main\AndroidManifest.xml:7:3-29
		INJECTED from src\main\AndroidManifest.xml
		INJECTED from src\main\AndroidManifest.xml
application
ADDED from src\main\AndroidManifest.xml:9:2-18:16
	android:label
		ADDED from src\main\AndroidManifest.xml:9:52-84
	android:icon
		ADDED from src\main\AndroidManifest.xml:9:15-51
activity#org.crazyit.ui.TableLayoutTest
ADDED from src\main\AndroidManifest.xml:10:3-16:14
	android:label
		ADDED from src\main\AndroidManifest.xml:11:5-37
	android:name
		ADDED from src\main\AndroidManifest.xml:10:13-44
intent-filter#android.intent.action.MAIN+android.intent.category.LAUNCHER
ADDED from src\main\AndroidManifest.xml:12:4-15:20
action#android.intent.action.MAIN
ADDED from src\main\AndroidManifest.xml:13:5-57
	android:name
		ADDED from src\main\AndroidManifest.xml:13:13-54
category#android.intent.category.LAUNCHER
ADDED from src\main\AndroidManifest.xml:14:5-65
	android:name
		ADDED from src\main\AndroidManifest.xml:14:15-62